2023-03-13 11:19:50 warning: DebugKit not enabled. You need to either install pdo_sqlite, or define the "debug_kit" connection name.
2023-03-13 11:51:46 warning: DebugKit not enabled. You need to either install pdo_sqlite, or define the "debug_kit" connection name.
2023-03-16 22:43:45 warning: DebugKit not enabled. You need to either install pdo_sqlite, or define the "debug_kit" connection name.
2023-03-16 22:43:52 warning: DebugKit not enabled. You need to either install pdo_sqlite, or define the "debug_kit" connection name.
2023-03-16 23:15:29 warning: DebugKit not enabled. You need to either install pdo_sqlite, or define the "debug_kit" connection name.
2023-03-16 23:31:54 warning: DebugKit not enabled. You need to either install pdo_sqlite, or define the "debug_kit" connection name.
2023-03-16 23:36:29 warning: DebugKit not enabled. You need to either install pdo_sqlite, or define the "debug_kit" connection name.
2023-03-16 23:37:03 warning: DebugKit not enabled. You need to either install pdo_sqlite, or define the "debug_kit" connection name.
2023-03-16 23:37:11 warning: DebugKit not enabled. You need to either install pdo_sqlite, or define the "debug_kit" connection name.
2023-03-16 23:37:31 warning: DebugKit not enabled. You need to either install pdo_sqlite, or define the "debug_kit" connection name.
2023-03-16 23:40:23 warning: DebugKit not enabled. You need to either install pdo_sqlite, or define the "debug_kit" connection name.
2023-03-17 00:12:44 warning: DebugKit not enabled. You need to either install pdo_sqlite, or define the "debug_kit" connection name.
2023-03-17 00:13:38 warning: DebugKit not enabled. You need to either install pdo_sqlite, or define the "debug_kit" connection name.
2023-03-17 07:09:10 warning: DebugKit not enabled. You need to either install pdo_sqlite, or define the "debug_kit" connection name.
2023-03-17 07:12:50 warning: DebugKit not enabled. You need to either install pdo_sqlite, or define the "debug_kit" connection name.
2023-03-17 07:13:04 warning: DebugKit not enabled. You need to either install pdo_sqlite, or define the "debug_kit" connection name.
2023-03-17 07:13:41 warning: DebugKit not enabled. You need to either install pdo_sqlite, or define the "debug_kit" connection name.
2023-03-17 07:14:30 warning: DebugKit not enabled. You need to either install pdo_sqlite, or define the "debug_kit" connection name.
2023-03-17 07:14:33 warning: DebugKit not enabled. You need to either install pdo_sqlite, or define the "debug_kit" connection name.
2023-03-17 07:19:52 warning: DebugKit not enabled. You need to either install pdo_sqlite, or define the "debug_kit" connection name.
2023-03-17 07:21:02 warning: DebugKit not enabled. You need to either install pdo_sqlite, or define the "debug_kit" connection name.
2023-03-27 07:00:54 warning: DebugKit not enabled. You need to either install pdo_sqlite, or define the "debug_kit" connection name.
2023-03-27 07:04:40 warning: DebugKit not enabled. You need to either install pdo_sqlite, or define the "debug_kit" connection name.
2023-03-27 07:06:59 warning: DebugKit not enabled. You need to either install pdo_sqlite, or define the "debug_kit" connection name.
2023-03-27 07:07:17 warning: DebugKit not enabled. You need to either install pdo_sqlite, or define the "debug_kit" connection name.
2023-04-03 10:37:02 warning: DebugKit not enabled. You need to either install pdo_sqlite, or define the "debug_kit" connection name.
2023-05-09 01:52:19 error: [Cake\Core\Exception\MissingPluginException] Plugin Authorization could not be found. in /srv/project_nco/fisiociudad/proyecto_cakephp/vendor/cakephp/cakephp/src/Core/PluginCollection.php on line 143
Exception Attributes: array (
  'plugin' => 'Authorization',
)
Stack Trace:
- /srv/project_nco/fisiociudad/proyecto_cakephp/vendor/cakephp/cakephp/src/Core/PluginCollection.php:257
- /srv/project_nco/fisiociudad/proyecto_cakephp/vendor/cakephp/cakephp/src/Http/BaseApplication.php:129
- /srv/project_nco/fisiociudad/proyecto_cakephp/src/Application.php:59
- /srv/project_nco/fisiociudad/proyecto_cakephp/vendor/cakephp/cakephp/src/Console/CommandRunner.php:195
- /srv/project_nco/fisiociudad/proyecto_cakephp/vendor/cakephp/cakephp/src/Console/CommandRunner.php:133
- /srv/project_nco/fisiociudad/proyecto_cakephp/bin/cake.php:12

2023-05-09 01:52:51 error: [Cake\Core\Exception\MissingPluginException] Plugin Authorization could not be found. in /srv/project_nco/fisiociudad/proyecto_cakephp/vendor/cakephp/cakephp/src/Core/PluginCollection.php on line 143
Exception Attributes: array (
  'plugin' => 'Authorization',
)
Stack Trace:
- /srv/project_nco/fisiociudad/proyecto_cakephp/vendor/cakephp/cakephp/src/Core/PluginCollection.php:257
- /srv/project_nco/fisiociudad/proyecto_cakephp/vendor/cakephp/cakephp/src/Http/BaseApplication.php:129
- /srv/project_nco/fisiociudad/proyecto_cakephp/src/Application.php:59
- /srv/project_nco/fisiociudad/proyecto_cakephp/vendor/cakephp/cakephp/src/Console/CommandRunner.php:195
- /srv/project_nco/fisiociudad/proyecto_cakephp/vendor/cakephp/cakephp/src/Console/CommandRunner.php:133
- /srv/project_nco/fisiociudad/proyecto_cakephp/bin/cake.php:12

